<?xml version="1.0" encoding="UTF-8"?>
<testng-results ignored="0" total="1" passed="1" failed="0" skipped="0">
  <reporter-output>
  </reporter-output>
  <suite started-at="2025-12-17T19:35:57 IST" name="Default suite" finished-at="2025-12-17T19:36:09 IST" duration-ms="11347">
    <groups>
    </groups>
    <test started-at="2025-12-17T19:35:57 IST" name="Default test" finished-at="2025-12-17T19:36:09 IST" duration-ms="11347">
      <class name="IntegrationTesting.LoginAdmin">
        <test-method is-config="true" signature="setUp()[pri:0, instance:IntegrationTesting.LoginAdmin@5ddeb7cb]" started-at="2025-12-17T19:35:58 IST" name="setUp" finished-at="2025-12-17T19:36:05 IST" duration-ms="7346" status="PASS">
          <reporter-output>
          </reporter-output>
        </test-method> <!-- setUp -->
        <test-method is-config="true" signature="init()[pri:0, instance:IntegrationTesting.LoginAdmin@5ddeb7cb]" started-at="2025-12-17T19:36:05 IST" name="init" finished-at="2025-12-17T19:36:09 IST" duration-ms="3605" status="PASS">
          <reporter-output>
          </reporter-output>
        </test-method> <!-- init -->
        <test-method signature="tc_01()[pri:0, instance:IntegrationTesting.LoginAdmin@5ddeb7cb]" started-at="2025-12-17T19:36:09 IST" name="tc_01" finished-at="2025-12-17T19:36:09 IST" duration-ms="37" status="PASS">
          <reporter-output>
          </reporter-output>
        </test-method> <!-- tc_01 -->
        <test-method is-config="true" signature="tearDown()[pri:0, instance:IntegrationTesting.LoginAdmin@5ddeb7cb]" started-at="2025-12-17T19:36:09 IST" name="tearDown" finished-at="2025-12-17T19:36:09 IST" duration-ms="152" status="PASS">
          <reporter-output>
          </reporter-output>
        </test-method> <!-- tearDown -->
      </class> <!-- IntegrationTesting.LoginAdmin -->
    </test> <!-- Default test -->
  </suite> <!-- Default suite -->
</testng-results>
