<?xml version="1.0" encoding="UTF-8"?>
<testng-results ignored="0" total="10" passed="8" failed="2" skipped="0">
  <reporter-output>
  </reporter-output>
  <suite started-at="2025-12-18T13:47:50 IST" name="Default suite" finished-at="2025-12-18T13:50:37 IST" duration-ms="166479">
    <groups>
    </groups>
    <test started-at="2025-12-18T13:47:50 IST" name="Default test" finished-at="2025-12-18T13:50:37 IST" duration-ms="166479">
      <class name="FunctionalTesting.PimTest">
        <test-method is-config="true" signature="setUp()[pri:0, instance:FunctionalTesting.PimTest@303cf2ba]" started-at="2025-12-18T13:47:51 IST" name="setUp" finished-at="2025-12-18T13:47:56 IST" duration-ms="5153" status="PASS">
          <reporter-output>
          </reporter-output>
        </test-method> <!-- setUp -->
        <test-method is-config="true" signature="init()[pri:0, instance:FunctionalTesting.PimTest@303cf2ba]" started-at="2025-12-18T13:47:56 IST" name="init" finished-at="2025-12-18T13:48:03 IST" duration-ms="7324" status="PASS">
          <reporter-output>
          </reporter-output>
        </test-method> <!-- init -->
        <test-method signature="tc_01()[pri:0, instance:FunctionalTesting.PimTest@303cf2ba]" started-at="2025-12-18T13:48:03 IST" name="tc_01" finished-at="2025-12-18T13:48:05 IST" duration-ms="2218" status="PASS">
          <reporter-output>
          </reporter-output>
        </test-method> <!-- tc_01 -->
        <test-method is-config="true" signature="tearDown()[pri:0, instance:FunctionalTesting.PimTest@303cf2ba]" started-at="2025-12-18T13:48:05 IST" name="tearDown" finished-at="2025-12-18T13:48:06 IST" duration-ms="243" status="PASS">
          <reporter-output>
          </reporter-output>
        </test-method> <!-- tearDown -->
        <test-method is-config="true" signature="setUp()[pri:0, instance:FunctionalTesting.PimTest@303cf2ba]" started-at="2025-12-18T13:48:06 IST" name="setUp" finished-at="2025-12-18T13:48:12 IST" duration-ms="6030" status="PASS">
          <reporter-output>
          </reporter-output>
        </test-method> <!-- setUp -->
        <test-method is-config="true" signature="init()[pri:0, instance:FunctionalTesting.PimTest@303cf2ba]" started-at="2025-12-18T13:48:12 IST" name="init" finished-at="2025-12-18T13:48:18 IST" duration-ms="6626" status="PASS">
          <reporter-output>
          </reporter-output>
        </test-method> <!-- init -->
        <test-method signature="tc_02()[pri:0, instance:FunctionalTesting.PimTest@303cf2ba]" started-at="2025-12-18T13:48:18 IST" name="tc_02" finished-at="2025-12-18T13:48:20 IST" duration-ms="2144" status="PASS">
          <reporter-output>
          </reporter-output>
        </test-method> <!-- tc_02 -->
        <test-method is-config="true" signature="tearDown()[pri:0, instance:FunctionalTesting.PimTest@303cf2ba]" started-at="2025-12-18T13:48:20 IST" name="tearDown" finished-at="2025-12-18T13:48:21 IST" duration-ms="643" status="PASS">
          <reporter-output>
          </reporter-output>
        </test-method> <!-- tearDown -->
        <test-method is-config="true" signature="setUp()[pri:0, instance:FunctionalTesting.PimTest@303cf2ba]" started-at="2025-12-18T13:48:21 IST" name="setUp" finished-at="2025-12-18T13:48:26 IST" duration-ms="4626" status="PASS">
          <reporter-output>
          </reporter-output>
        </test-method> <!-- setUp -->
        <test-method is-config="true" signature="init()[pri:0, instance:FunctionalTesting.PimTest@303cf2ba]" started-at="2025-12-18T13:48:26 IST" name="init" finished-at="2025-12-18T13:48:31 IST" duration-ms="4895" status="PASS">
          <reporter-output>
          </reporter-output>
        </test-method> <!-- init -->
        <test-method signature="tc_03()[pri:0, instance:FunctionalTesting.PimTest@303cf2ba]" started-at="2025-12-18T13:48:31 IST" name="tc_03" finished-at="2025-12-18T13:48:33 IST" duration-ms="2597" status="PASS">
          <reporter-output>
          </reporter-output>
        </test-method> <!-- tc_03 -->
        <test-method is-config="true" signature="tearDown()[pri:0, instance:FunctionalTesting.PimTest@303cf2ba]" started-at="2025-12-18T13:48:33 IST" name="tearDown" finished-at="2025-12-18T13:48:34 IST" duration-ms="267" status="PASS">
          <reporter-output>
          </reporter-output>
        </test-method> <!-- tearDown -->
        <test-method is-config="true" signature="setUp()[pri:0, instance:FunctionalTesting.PimTest@303cf2ba]" started-at="2025-12-18T13:48:34 IST" name="setUp" finished-at="2025-12-18T13:48:38 IST" duration-ms="4780" status="PASS">
          <reporter-output>
          </reporter-output>
        </test-method> <!-- setUp -->
        <test-method is-config="true" signature="init()[pri:0, instance:FunctionalTesting.PimTest@303cf2ba]" started-at="2025-12-18T13:48:38 IST" name="init" finished-at="2025-12-18T13:48:46 IST" duration-ms="7404" status="PASS">
          <reporter-output>
          </reporter-output>
        </test-method> <!-- init -->
        <test-method signature="tc_04()[pri:0, instance:FunctionalTesting.PimTest@303cf2ba]" started-at="2025-12-18T13:48:46 IST" name="tc_04" finished-at="2025-12-18T13:48:57 IST" duration-ms="11741" status="FAIL">
          <exception class="java.lang.AssertionError">
            <message>
              <![CDATA[Employee creation failed And Defect is found expected [true] but found [false]]]>
            </message>
            <full-stacktrace>
              <![CDATA[java.lang.AssertionError: Employee creation failed And Defect is found expected [true] but found [false]
at org.testng.Assert.fail(Assert.java:111)
at org.testng.Assert.failNotEquals(Assert.java:1590)
at org.testng.Assert.assertTrue(Assert.java:57)
at FunctionalTesting.PimTest.tc_04(PimTest.java:53)
at java.base/jdk.internal.reflect.DirectMethodHandleAccessor.invoke(DirectMethodHandleAccessor.java:103)
at java.base/java.lang.reflect.Method.invoke(Method.java:580)
at org.testng.internal.invokers.MethodInvocationHelper.invokeMethod(MethodInvocationHelper.java:141)
at org.testng.internal.invokers.TestInvoker.invokeMethod(TestInvoker.java:687)
at org.testng.internal.invokers.TestInvoker.invokeTestMethod(TestInvoker.java:230)
at org.testng.internal.invokers.MethodRunner.runInSequence(MethodRunner.java:63)
at org.testng.internal.invokers.TestInvoker$MethodInvocationAgent.invoke(TestInvoker.java:995)
at org.testng.internal.invokers.TestInvoker.invokeTestMethods(TestInvoker.java:203)
at org.testng.internal.invokers.TestMethodWorker.invokeTestMethods(TestMethodWorker.java:154)
at org.testng.internal.invokers.TestMethodWorker.run(TestMethodWorker.java:134)
at java.base/java.util.ArrayList.forEach(ArrayList.java:1596)
at org.testng.TestRunner.privateRun(TestRunner.java:741)
at org.testng.TestRunner.run(TestRunner.java:616)
at org.testng.SuiteRunner.runTest(SuiteRunner.java:421)
at org.testng.SuiteRunner.runSequentially(SuiteRunner.java:413)
at org.testng.SuiteRunner.privateRun(SuiteRunner.java:373)
at org.testng.SuiteRunner.run(SuiteRunner.java:312)
at org.testng.SuiteRunnerWorker.runSuite(SuiteRunnerWorker.java:52)
at org.testng.SuiteRunnerWorker.run(SuiteRunnerWorker.java:95)
at org.testng.TestNG.runSuitesSequentially(TestNG.java:1274)
at org.testng.TestNG.runSuitesLocally(TestNG.java:1208)
at org.testng.TestNG.runSuites(TestNG.java:1112)
at org.testng.TestNG.run(TestNG.java:1079)
at org.testng.remote.AbstractRemoteTestNG.run(AbstractRemoteTestNG.java:115)
at org.testng.remote.RemoteTestNG.initAndRun(RemoteTestNG.java:293)
at org.testng.remote.RemoteTestNG.main(RemoteTestNG.java:91)
]]>
            </full-stacktrace>
          </exception> <!-- java.lang.AssertionError -->
          <reporter-output>
          </reporter-output>
        </test-method> <!-- tc_04 -->
        <test-method is-config="true" signature="tearDown()[pri:0, instance:FunctionalTesting.PimTest@303cf2ba]" started-at="2025-12-18T13:48:58 IST" name="tearDown" finished-at="2025-12-18T13:48:59 IST" duration-ms="1908" status="PASS">
          <reporter-output>
          </reporter-output>
        </test-method> <!-- tearDown -->
        <test-method is-config="true" signature="setUp()[pri:0, instance:FunctionalTesting.PimTest@303cf2ba]" started-at="2025-12-18T13:48:59 IST" name="setUp" finished-at="2025-12-18T13:49:09 IST" duration-ms="9878" status="PASS">
          <reporter-output>
          </reporter-output>
        </test-method> <!-- setUp -->
        <test-method is-config="true" signature="init()[pri:0, instance:FunctionalTesting.PimTest@303cf2ba]" started-at="2025-12-18T13:49:09 IST" name="init" finished-at="2025-12-18T13:49:17 IST" duration-ms="7988" status="PASS">
          <reporter-output>
          </reporter-output>
        </test-method> <!-- init -->
        <test-method signature="tc_05()[pri:0, instance:FunctionalTesting.PimTest@303cf2ba]" started-at="2025-12-18T13:49:17 IST" name="tc_05" finished-at="2025-12-18T13:49:32 IST" duration-ms="15115" status="FAIL">
          <exception class="org.openqa.selenium.NoSuchElementException">
            <message>
              <![CDATA[no such element: Unable to locate element: {"method":"xpath","selector":"//h6[text()='Employee Information']"}
  (Session info: chrome=143.0.7499.110)
For documentation on this error, please visit: https://www.selenium.dev/documentation/webdriver/troubleshooting/errors#no-such-element-exception
Build info: version: '4.18.1', revision: 'b1d3319b48'
System info: os.name: 'Windows 11', os.arch: 'amd64', os.version: '10.0', java.version: '21.0.6'
Driver info: org.openqa.selenium.chrome.ChromeDriver
Command: [3939087b432c5c64861576da44851e0d, findElement {using=xpath, value=//h6[text()='Employee Information']}]
Capabilities {acceptInsecureCerts: false, browserName: chrome, browserVersion: 143.0.7499.110, chrome: {chromedriverVersion: 143.0.7499.146 (c1224fc40c9..., userDataDir: C:\Users\SWANAN~1\AppData\L...}, fedcm:accounts: true, goog:chromeOptions: {debuggerAddress: localhost:58023}, goog:processID: 8860, networkConnectionEnabled: false, pageLoadStrategy: normal, platformName: windows, proxy: Proxy(), se:cdp: ws://localhost:58023/devtoo..., se:cdpVersion: 143.0.7499.110, setWindowRect: true, strictFileInteractability: false, timeouts: {implicit: 0, pageLoad: 300000, script: 30000}, unhandledPromptBehavior: dismiss and notify, webauthn:extension:credBlob: true, webauthn:extension:largeBlob: true, webauthn:extension:minPinLength: true, webauthn:extension:prf: true, webauthn:virtualAuthenticators: true}
Session ID: 3939087b432c5c64861576da44851e0d]]>
            </message>
            <full-stacktrace>
              <![CDATA[org.openqa.selenium.NoSuchElementException: no such element: Unable to locate element: {"method":"xpath","selector":"//h6[text()='Employee Information']"}
  (Session info: chrome=143.0.7499.110)
For documentation on this error, please visit: https://www.selenium.dev/documentation/webdriver/troubleshooting/errors#no-such-element-exception
Build info: version: '4.18.1', revision: 'b1d3319b48'
System info: os.name: 'Windows 11', os.arch: 'amd64', os.version: '10.0', java.version: '21.0.6'
Driver info: org.openqa.selenium.chrome.ChromeDriver
Command: [3939087b432c5c64861576da44851e0d, findElement {using=xpath, value=//h6[text()='Employee Information']}]
Capabilities {acceptInsecureCerts: false, browserName: chrome, browserVersion: 143.0.7499.110, chrome: {chromedriverVersion: 143.0.7499.146 (c1224fc40c9..., userDataDir: C:\Users\SWANAN~1\AppData\L...}, fedcm:accounts: true, goog:chromeOptions: {debuggerAddress: localhost:58023}, goog:processID: 8860, networkConnectionEnabled: false, pageLoadStrategy: normal, platformName: windows, proxy: Proxy(), se:cdp: ws://localhost:58023/devtoo..., se:cdpVersion: 143.0.7499.110, setWindowRect: true, strictFileInteractability: false, timeouts: {implicit: 0, pageLoad: 300000, script: 30000}, unhandledPromptBehavior: dismiss and notify, webauthn:extension:credBlob: true, webauthn:extension:largeBlob: true, webauthn:extension:minPinLength: true, webauthn:extension:prf: true, webauthn:virtualAuthenticators: true}
Session ID: 3939087b432c5c64861576da44851e0d
at java.base/jdk.internal.reflect.DirectConstructorHandleAccessor.newInstance(DirectConstructorHandleAccessor.java:62)
at java.base/java.lang.reflect.Constructor.newInstanceWithCaller(Constructor.java:502)
at java.base/java.lang.reflect.Constructor.newInstance(Constructor.java:486)
at org.openqa.selenium.remote.ErrorCodec.decode(ErrorCodec.java:167)
at org.openqa.selenium.remote.codec.w3c.W3CHttpResponseCodec.decode(W3CHttpResponseCodec.java:138)
at org.openqa.selenium.remote.codec.w3c.W3CHttpResponseCodec.decode(W3CHttpResponseCodec.java:50)
at org.openqa.selenium.remote.HttpCommandExecutor.execute(HttpCommandExecutor.java:190)
at org.openqa.selenium.remote.service.DriverCommandExecutor.invokeExecute(DriverCommandExecutor.java:216)
at org.openqa.selenium.remote.service.DriverCommandExecutor.execute(DriverCommandExecutor.java:174)
at org.openqa.selenium.remote.RemoteWebDriver.execute(RemoteWebDriver.java:519)
at org.openqa.selenium.remote.ElementLocation$ElementFinder$2.findElement(ElementLocation.java:165)
at org.openqa.selenium.remote.ElementLocation.findElement(ElementLocation.java:59)
at org.openqa.selenium.remote.RemoteWebDriver.findElement(RemoteWebDriver.java:356)
at org.openqa.selenium.remote.RemoteWebDriver.findElement(RemoteWebDriver.java:350)
at org.openqa.selenium.support.pagefactory.DefaultElementLocator.findElement(DefaultElementLocator.java:68)
at org.openqa.selenium.support.pagefactory.internal.LocatingElementHandler.invoke(LocatingElementHandler.java:38)
at jdk.proxy2/jdk.proxy2.$Proxy16.getText(Unknown Source)
at FunctionalTesting.PimTest.tc_05(PimTest.java:58)
at java.base/jdk.internal.reflect.DirectMethodHandleAccessor.invoke(DirectMethodHandleAccessor.java:103)
at java.base/java.lang.reflect.Method.invoke(Method.java:580)
at org.testng.internal.invokers.MethodInvocationHelper.invokeMethod(MethodInvocationHelper.java:141)
at org.testng.internal.invokers.TestInvoker.invokeMethod(TestInvoker.java:687)
at org.testng.internal.invokers.TestInvoker.invokeTestMethod(TestInvoker.java:230)
at org.testng.internal.invokers.MethodRunner.runInSequence(MethodRunner.java:63)
at org.testng.internal.invokers.TestInvoker$MethodInvocationAgent.invoke(TestInvoker.java:995)
at org.testng.internal.invokers.TestInvoker.invokeTestMethods(TestInvoker.java:203)
at org.testng.internal.invokers.TestMethodWorker.invokeTestMethods(TestMethodWorker.java:154)
at org.testng.internal.invokers.TestMethodWorker.run(TestMethodWorker.java:134)
at java.base/java.util.ArrayList.forEach(ArrayList.java:1596)
at org.testng.TestRunner.privateRun(TestRunner.java:741)
at org.testng.TestRunner.run(TestRunner.java:616)
at org.testng.SuiteRunner.runTest(SuiteRunner.java:421)
at org.testng.SuiteRunner.runSequentially(SuiteRunner.java:413)
at org.testng.SuiteRunner.privateRun(SuiteRunner.java:373)
at org.testng.SuiteRunner.run(SuiteRunner.java:312)
at org.testng.SuiteRunnerWorker.runSuite(SuiteRunnerWorker.java:52)
at org.testng.SuiteRunnerWorker.run(SuiteRunnerWorker.java:95)
at org.testng.TestNG.runSuitesSequentially(TestNG.java:1274)
at org.testng.TestNG.runSuitesLocally(TestNG.java:1208)
at org.testng.TestNG.runSuites(TestNG.java:1112)
at org.testng.TestNG.run(TestNG.java:1079)
at org.testng.remote.AbstractRemoteTestNG.run(AbstractRemoteTestNG.java:115)
at org.testng.remote.RemoteTestNG.initAndRun(RemoteTestNG.java:293)
at org.testng.remote.RemoteTestNG.main(RemoteTestNG.java:91)
]]>
            </full-stacktrace>
          </exception> <!-- org.openqa.selenium.NoSuchElementException -->
          <reporter-output>
          </reporter-output>
        </test-method> <!-- tc_05 -->
        <test-method is-config="true" signature="tearDown()[pri:0, instance:FunctionalTesting.PimTest@303cf2ba]" started-at="2025-12-18T13:49:33 IST" name="tearDown" finished-at="2025-12-18T13:49:34 IST" duration-ms="1760" status="PASS">
          <reporter-output>
          </reporter-output>
        </test-method> <!-- tearDown -->
        <test-method is-config="true" signature="setUp()[pri:0, instance:FunctionalTesting.PimTest@303cf2ba]" started-at="2025-12-18T13:49:34 IST" name="setUp" finished-at="2025-12-18T13:49:42 IST" duration-ms="7391" status="PASS">
          <reporter-output>
          </reporter-output>
        </test-method> <!-- setUp -->
        <test-method is-config="true" signature="init()[pri:0, instance:FunctionalTesting.PimTest@303cf2ba]" started-at="2025-12-18T13:49:42 IST" name="init" finished-at="2025-12-18T13:49:48 IST" duration-ms="6708" status="PASS">
          <reporter-output>
          </reporter-output>
        </test-method> <!-- init -->
        <test-method signature="tc_06()[pri:0, instance:FunctionalTesting.PimTest@303cf2ba]" started-at="2025-12-18T13:49:48 IST" name="tc_06" finished-at="2025-12-18T13:49:51 IST" duration-ms="2460" status="PASS">
          <reporter-output>
          </reporter-output>
        </test-method> <!-- tc_06 -->
        <test-method is-config="true" signature="tearDown()[pri:0, instance:FunctionalTesting.PimTest@303cf2ba]" started-at="2025-12-18T13:49:51 IST" name="tearDown" finished-at="2025-12-18T13:49:51 IST" duration-ms="304" status="PASS">
          <reporter-output>
          </reporter-output>
        </test-method> <!-- tearDown -->
        <test-method is-config="true" signature="setUp()[pri:0, instance:FunctionalTesting.PimTest@303cf2ba]" started-at="2025-12-18T13:49:51 IST" name="setUp" finished-at="2025-12-18T13:50:00 IST" duration-ms="8489" status="PASS">
          <reporter-output>
          </reporter-output>
        </test-method> <!-- setUp -->
        <test-method is-config="true" signature="init()[pri:0, instance:FunctionalTesting.PimTest@303cf2ba]" started-at="2025-12-18T13:50:00 IST" name="init" finished-at="2025-12-18T13:50:06 IST" duration-ms="5876" status="PASS">
          <reporter-output>
          </reporter-output>
        </test-method> <!-- init -->
        <test-method signature="tc_07()[pri:0, instance:FunctionalTesting.PimTest@303cf2ba]" started-at="2025-12-18T13:50:06 IST" name="tc_07" finished-at="2025-12-18T13:50:06 IST" duration-ms="814" status="PASS">
          <reporter-output>
          </reporter-output>
        </test-method> <!-- tc_07 -->
        <test-method is-config="true" signature="tearDown()[pri:0, instance:FunctionalTesting.PimTest@303cf2ba]" started-at="2025-12-18T13:50:06 IST" name="tearDown" finished-at="2025-12-18T13:50:07 IST" duration-ms="140" status="PASS">
          <reporter-output>
          </reporter-output>
        </test-method> <!-- tearDown -->
        <test-method is-config="true" signature="setUp()[pri:0, instance:FunctionalTesting.PimTest@303cf2ba]" started-at="2025-12-18T13:50:07 IST" name="setUp" finished-at="2025-12-18T13:50:11 IST" duration-ms="4337" status="PASS">
          <reporter-output>
          </reporter-output>
        </test-method> <!-- setUp -->
        <test-method is-config="true" signature="init()[pri:0, instance:FunctionalTesting.PimTest@303cf2ba]" started-at="2025-12-18T13:50:11 IST" name="init" finished-at="2025-12-18T13:50:15 IST" duration-ms="4356" status="PASS">
          <reporter-output>
          </reporter-output>
        </test-method> <!-- init -->
        <test-method signature="tc_08()[pri:0, instance:FunctionalTesting.PimTest@303cf2ba]" started-at="2025-12-18T13:50:15 IST" name="tc_08" finished-at="2025-12-18T13:50:17 IST" duration-ms="2249" status="PASS">
          <reporter-output>
          </reporter-output>
        </test-method> <!-- tc_08 -->
        <test-method is-config="true" signature="tearDown()[pri:0, instance:FunctionalTesting.PimTest@303cf2ba]" started-at="2025-12-18T13:50:17 IST" name="tearDown" finished-at="2025-12-18T13:50:18 IST" duration-ms="128" status="PASS">
          <reporter-output>
          </reporter-output>
        </test-method> <!-- tearDown -->
        <test-method is-config="true" signature="setUp()[pri:0, instance:FunctionalTesting.PimTest@303cf2ba]" started-at="2025-12-18T13:50:18 IST" name="setUp" finished-at="2025-12-18T13:50:22 IST" duration-ms="4385" status="PASS">
          <reporter-output>
          </reporter-output>
        </test-method> <!-- setUp -->
        <test-method is-config="true" signature="init()[pri:0, instance:FunctionalTesting.PimTest@303cf2ba]" started-at="2025-12-18T13:50:22 IST" name="init" finished-at="2025-12-18T13:50:26 IST" duration-ms="4220" status="PASS">
          <reporter-output>
          </reporter-output>
        </test-method> <!-- init -->
        <test-method signature="tc_09()[pri:0, instance:FunctionalTesting.PimTest@303cf2ba]" started-at="2025-12-18T13:50:26 IST" name="tc_09" finished-at="2025-12-18T13:50:26 IST" duration-ms="14" status="PASS">
          <reporter-output>
          </reporter-output>
        </test-method> <!-- tc_09 -->
        <test-method is-config="true" signature="tearDown()[pri:0, instance:FunctionalTesting.PimTest@303cf2ba]" started-at="2025-12-18T13:50:26 IST" name="tearDown" finished-at="2025-12-18T13:50:26 IST" duration-ms="119" status="PASS">
          <reporter-output>
          </reporter-output>
        </test-method> <!-- tearDown -->
        <test-method is-config="true" signature="setUp()[pri:0, instance:FunctionalTesting.PimTest@303cf2ba]" started-at="2025-12-18T13:50:26 IST" name="setUp" finished-at="2025-12-18T13:50:31 IST" duration-ms="4514" status="PASS">
          <reporter-output>
          </reporter-output>
        </test-method> <!-- setUp -->
        <test-method is-config="true" signature="init()[pri:0, instance:FunctionalTesting.PimTest@303cf2ba]" started-at="2025-12-18T13:50:31 IST" name="init" finished-at="2025-12-18T13:50:37 IST" duration-ms="5989" status="PASS">
          <reporter-output>
          </reporter-output>
        </test-method> <!-- init -->
        <test-method signature="tc_10()[pri:0, instance:FunctionalTesting.PimTest@303cf2ba]" started-at="2025-12-18T13:50:37 IST" name="tc_10" finished-at="2025-12-18T13:50:37 IST" duration-ms="16" status="PASS">
          <reporter-output>
          </reporter-output>
        </test-method> <!-- tc_10 -->
        <test-method is-config="true" signature="tearDown()[pri:0, instance:FunctionalTesting.PimTest@303cf2ba]" started-at="2025-12-18T13:50:37 IST" name="tearDown" finished-at="2025-12-18T13:50:37 IST" duration-ms="126" status="PASS">
          <reporter-output>
          </reporter-output>
        </test-method> <!-- tearDown -->
      </class> <!-- FunctionalTesting.PimTest -->
    </test> <!-- Default test -->
  </suite> <!-- Default suite -->
</testng-results>
