<?xml version="1.0" encoding="UTF-8"?>
<!-- Generated by org.testng.reporters.JUnitReportReporter -->
<testsuite hostname="AsusTufF17" failures="1" tests="10" name="FunctionalTesting.PimTest" time="108.679" errors="0" timestamp="2025-12-17T17:59:44 IST" skipped="0">
  <testcase classname="FunctionalTesting.PimTest" name="tc_03" time="11.996"/>
  <testcase classname="FunctionalTesting.PimTest" name="tc_09" time="10.133"/>
  <testcase classname="FunctionalTesting.PimTest" name="tc_04" time="9.686"/>
  <testcase classname="FunctionalTesting.PimTest" name="tc_05" time="12.029">
    <failure message="Employee creation failed And Defect is found expected [true] but found [false]" type="java.lang.AssertionError">
      <![CDATA[java.lang.AssertionError: Employee creation failed And Defect is found expected [true] but found [false]
at org.testng.Assert.fail(Assert.java:111)
at org.testng.Assert.failNotEquals(Assert.java:1590)
at org.testng.Assert.assertTrue(Assert.java:57)
at FunctionalTesting.PimTest.tc_05(PimTest.java:53)
at java.base/jdk.internal.reflect.DirectMethodHandleAccessor.invoke(DirectMethodHandleAccessor.java:103)
at java.base/java.lang.reflect.Method.invoke(Method.java:580)
at org.testng.internal.invokers.MethodInvocationHelper.invokeMethod(MethodInvocationHelper.java:141)
at org.testng.internal.invokers.TestInvoker.invokeMethod(TestInvoker.java:687)
at org.testng.internal.invokers.TestInvoker.invokeTestMethod(TestInvoker.java:230)
at org.testng.internal.invokers.MethodRunner.runInSequence(MethodRunner.java:63)
at org.testng.internal.invokers.TestInvoker$MethodInvocationAgent.invoke(TestInvoker.java:995)
at org.testng.internal.invokers.TestInvoker.invokeTestMethods(TestInvoker.java:203)
at org.testng.internal.invokers.TestMethodWorker.invokeTestMethods(TestMethodWorker.java:154)
at org.testng.internal.invokers.TestMethodWorker.run(TestMethodWorker.java:134)
at java.base/java.util.ArrayList.forEach(ArrayList.java:1596)
at org.testng.TestRunner.privateRun(TestRunner.java:741)
at org.testng.TestRunner.run(TestRunner.java:616)
at org.testng.SuiteRunner.runTest(SuiteRunner.java:421)
at org.testng.SuiteRunner.runSequentially(SuiteRunner.java:413)
at org.testng.SuiteRunner.privateRun(SuiteRunner.java:373)
at org.testng.SuiteRunner.run(SuiteRunner.java:312)
at org.testng.SuiteRunnerWorker.runSuite(SuiteRunnerWorker.java:52)
at org.testng.SuiteRunnerWorker.run(SuiteRunnerWorker.java:95)
at org.testng.TestNG.runSuitesSequentially(TestNG.java:1274)
at org.testng.TestNG.runSuitesLocally(TestNG.java:1208)
at org.testng.TestNG.runSuites(TestNG.java:1112)
at org.testng.TestNG.run(TestNG.java:1079)
at org.testng.remote.AbstractRemoteTestNG.run(AbstractRemoteTestNG.java:115)
at org.testng.remote.RemoteTestNG.initAndRun(RemoteTestNG.java:293)
at org.testng.remote.RemoteTestNG.main(RemoteTestNG.java:91)
]]>
    </failure>
  </testcase> <!-- tc_05 -->
  <testcase classname="FunctionalTesting.PimTest" name="tc_02" time="10.671"/>
  <testcase classname="FunctionalTesting.PimTest" name="tc_10" time="10.126"/>
  <testcase classname="FunctionalTesting.PimTest" name="tc_01" time="10.032"/>
  <testcase classname="FunctionalTesting.PimTest" name="tc_07" time="11.804"/>
  <testcase classname="FunctionalTesting.PimTest" name="tc_06" time="10.598"/>
  <testcase classname="FunctionalTesting.PimTest" name="tc_08" time="11.604"/>
</testsuite> <!-- FunctionalTesting.PimTest -->
