<?xml version="1.0" encoding="UTF-8"?>
<!-- Generated by org.testng.reporters.JUnitReportReporter -->
<testsuite hostname="AsusTufF17" failures="0" tests="10" name="FunctionalTesting.LeaveTest" time="97.427" errors="0" timestamp="2025-12-17T17:55:54 IST" skipped="0">
  <testcase classname="FunctionalTesting.LeaveTest" name="tc_02" time="9.850"/>
  <testcase classname="FunctionalTesting.LeaveTest" name="tc_04" time="10.501"/>
  <testcase classname="FunctionalTesting.LeaveTest" name="tc_08" time="9.095"/>
  <testcase classname="FunctionalTesting.LeaveTest" name="tc_01" time="9.614"/>
  <testcase classname="FunctionalTesting.LeaveTest" name="tc_10" time="9.624"/>
  <testcase classname="FunctionalTesting.LeaveTest" name="tc_07" time="9.349"/>
  <testcase classname="FunctionalTesting.LeaveTest" name="tc_09" time="9.807"/>
  <testcase classname="FunctionalTesting.LeaveTest" name="tc_05" time="10.024"/>
  <testcase classname="FunctionalTesting.LeaveTest" name="tc_06" time="9.228"/>
  <testcase classname="FunctionalTesting.LeaveTest" name="tc_03" time="10.335"/>
</testsuite> <!-- FunctionalTesting.LeaveTest -->
