<?xml version="1.0" encoding="UTF-8"?>
<!-- Generated by org.testng.reporters.JUnitReportReporter -->
<testsuite hostname="AsusTufF17" failures="0" tests="10" name="FunctionalTesting.LeaveTest" time="173.350" errors="0" timestamp="2025-12-16T21:07:56 IST" skipped="0">
  <testcase classname="FunctionalTesting.LeaveTest" name="tc_06" time="16.075"/>
  <testcase classname="FunctionalTesting.LeaveTest" name="tc_08" time="11.442"/>
  <testcase classname="FunctionalTesting.LeaveTest" name="tc_04" time="11.454"/>
  <testcase classname="FunctionalTesting.LeaveTest" name="tc_09" time="16.689"/>
  <testcase classname="FunctionalTesting.LeaveTest" name="tc_10" time="9.129"/>
  <testcase classname="FunctionalTesting.LeaveTest" name="tc_02" time="14.075"/>
  <testcase classname="FunctionalTesting.LeaveTest" name="tc_07" time="13.121"/>
  <testcase classname="FunctionalTesting.LeaveTest" name="tc_03" time="15.869"/>
  <testcase classname="FunctionalTesting.LeaveTest" name="tc_05" time="13.964"/>
  <testcase classname="FunctionalTesting.LeaveTest" name="tc_01" time="51.532"/>
</testsuite> <!-- FunctionalTesting.LeaveTest -->
